
((digest . "b6ded1010940ca2cf16e0b44b281a6c4") (undo-list nil ("-rwxrwxr-x 1 ryuichi ryuichi 308 10月 11 09:10 ./docker_build.sh
-rw-rw-r-- 1 ryuichi ryuichi 2915 10月 11 09:10 ./doc/Linux環境説明書_Rev5.txt
-rw-rw-r-- 1 ryuichi ryuichi 45955 10月 11 09:10 ./doc/【SILS版】ADS機能仕様書 ダイアグ・フェールセーフ判定(judgeList).xlsx
-rw-rw-r-- 1 ryuichi ryuichi 2087954 10月 11 09:10 ./doc/SILS-DIFツール生成コード移植手順書_rev2.xlsx
-rw-rw-r-- 1 ryuichi ryuichi 1216492 10月 11 09:10 ./doc/ADS_DIFツール_ver0.24s.xlsm
-rw-rw-r-- 1 ryuichi ryuichi 9310 10月 11 09:10 ./doc/デバイス信号対応箇所.xlsx
-rw-rw-r-- 1 ryuichi ryuichi 894303 10月 11 09:10 ./doc/SILSタスクテーブル更新手順書.xlsx
-rw-rw-r-- 1 ryuichi ryuichi 25446829 10月 11 09:10 ./doc/eASR2_ADS_アプリ構造設計書v2.12.xlsm
-rw-rw-r-- 1 ryuichi ryuichi 507 10月 15 03:53 ./adx_connect/appfw_recv/pri/appfw_recv_crc32.c
-rw-rw-r-- 1 ryuichi ryuichi 245 10月 15 03:53 ./adx_connect/appfw_recv/pri/appfw_recv_crc32.h
-rw-rw-r-- 1 ryuichi ryuichi 11247 10月 15 05:53 ./adx_connect/appfw_recv/pri/appfw_recv_func.c
-rw-rw-r-- 1 ryuichi ryuichi 23311 10月 11 09:10 ./adx_connect/appfw_recv/pri/type.h
-rw-rw-r-- 1 ryuichi ryuichi 1550 10月 15 05:41 ./adx_connect/appfw_recv/pub/appfw_recv_func.h
-rw-rw-r-- 1 ryuichi ryuichi 637 10月 15 03:53 ./adx_connect/appfw_recv/_make_list_appfw_recv.mk
-rw-rw-r-- 1 ryuichi ryuichi 1411 10月 11 09:10 ./adx_connect/appfw_test/iotest_log_checker/Readme.md
-rw-rw-r-- 1 ryuichi ryuichi 409 10月 11 09:10 ./adx_connect/appfw_test/iotest_log_checker/iotest_log_checker_run.sh
-rw-rw-r-- 1 ryuichi ryuichi 4853 10月 11 09:10 ./adx_connect/appfw_test/iotest_log_checker/iotest_log_checker.py
-rw-rw-r-- 1 ryuichi ryuichi 628 10月 11 09:10 ./adx_connect/appfw_data/_make_list_appfw_data.mk
-rw-rw-r-- 1 ryuichi ryuichi 550 10月 11 09:10 ./adx_connect/appfw_data/pri/system_constants.h
-rw-rw-r-- 1 ryuichi ryuichi 738 10月 11 09:10 ./adx_connect/appfw_data/pri/primitive_type.h
-rw-rw-r-- 1 ryuichi ryuichi 410 10月 15 05:54 ./adx_connect/appfw_data/pri/appfw.h
-rw-rw-r-- 1 ryuichi ryuichi 130 10月 11 09:10 ./adx_connect/appfw_data/pri/data_ptr.h
-rw-rw-r-- 1 ryuichi ryuichi 23311 10月 11 09:10 ./adx_connect/appfw_data/pri/type.h
-rw-rw-r-- 1 ryuichi ryuichi 15985 10月 11 09:10 ./adx_connect/appfw_data/pri/ADXDigsmStatus.c
-rw-rw-r-- 1 ryuichi ryuichi 10766 10月 15 06:59 ./adx_connect/appfw_data/pri/CarState.h
-rw-rw-r-- 1 ryuichi ryuichi 24814 10月 11 09:10 ./adx_connect/appfw_data/pri/CarState.c
-rw-rw-r-- 1 ryuichi ryuichi 3296 10月 15 06:58 ./adx_connect/appfw_data/pri/ADXDigsmStatus.h
-rw-rw-r-- 1 ryuichi ryuichi 3681 10月 11 09:10 ./adx_connect/appfw_data/pri/IoDataLabel.h
-rw-rw-r-- 1 ryuichi ryuichi 159 10月 15 05:56 ./adx_connect/appfw_data/pub/appfw_data.h
-rw-rw-r-- 1 ryuichi ryuichi 23311 10月 11 09:10 ./adx_connect/appfw_send/pri/type.h
-rw-rw-r-- 1 ryuichi ryuichi 10390 10月 15 06:41 ./adx_connect/appfw_send/pri/appfw_send_func.c
-rw-rw-r-- 1 ryuichi ryuichi 245 10月 11 09:10 ./adx_connect/appfw_send/pri/appfw_send_crc32.h
-rw-rw-r-- 1 ryuichi ryuichi 507 10月 11 09:10 ./adx_connect/appfw_send/pri/appfw_send_crc32.c
-rw-rw-r-- 1 ryuichi ryuichi 638 10月 11 09:10 ./adx_connect/appfw_send/_make_list_appfw_send.mk
-rw-rw-r-- 1 ryuichi ryuichi 1548 10月 15 06:41 ./adx_connect/appfw_send/pub/appfw_send_func.h
-rw-rw-r-- 1 ryuichi ryuichi 4829 10月 11 09:10 ./external/bson-cxx/inc/bson/oid.h
-rw-rw-r-- 1 ryuichi ryuichi 15406 10月 11 09:10 ./external/bson-cxx/inc/bson/json.h
-rw-rw-r-- 1 ryuichi ryuichi 15748 10月 11 09:10 ./external/bson-cxx/inc/bson/bsonobj.h
-rw-rw-r-- 1 ryuichi ryuichi 1295 10月 11 09:10 ./external/bson-cxx/inc/bson/parse_number.h
-rw-rw-r-- 1 ryuichi ryuichi 1065 10月 11 09:10 ./external/bson-cxx/inc/bson/float_utils.h
-rw-rw-r-- 1 ryuichi ryuichi 677 10月 11 09:10 ./external/bson-cxx/inc/bson/time_support.h
-rw-rw-r-- 1 ryuichi ryuichi 3083 10月 11 09:10 ./external/bson-cxx/inc/bson/hex.h
-rw-rw-r-- 1 ryuichi ryuichi 1929 10月 11 09:10 ./external/bson-cxx/inc/bson/ordering.h
-rw-rw-r-- 1 ryuichi ryuichi 3853 10月 11 09:10 ./external/bson-cxx/inc/bson/string_data-inl.h
-rw-rw-r-- 1 ryuichi ryuichi 116 10月 11 09:10 ./external/bson-cxx/inc/bson/errorcodes.h
-rw-rw-r-- 1 ryuichi ryuichi 4827 10月 11 09:10 ./external/bson-cxx/inc/bson/bsontypes.h
-rw-rw-r-- 1 ryuichi ryuichi 1430 10月 11 09:10 ./external/bson-cxx/inc/bson/cstdint.h
-rw-rw-r-- 1 ryuichi ryuichi 2337 10月 11 09:10 ./external/bson-cxx/inc/bson/status_with.h
-rw-rw-r-- 1 ryuichi ryuichi 830 10月 11 09:10 ./external/bson-cxx/inc/bson/status.h
-rw-rw-r-- 1 ryuichi ryuichi 3821 10月 11 09:10 ./external/bson-cxx/inc/bson/bson-inl.h
-rw-rw-r-- 1 ryuichi ryuichi 966 10月 11 09:10 ./external/bson-cxx/inc/bson/base.h
-rw-rw-r-- 1 ryuichi ryuichi 23070 10月 11 09:10 ./external/bson-cxx/inc/bson/bsonelement.h
-rw-rw-r-- 1 ryuichi ryuichi 1968 10月 11 09:10 ./external/bson-cxx/inc/bson/base64.h
-rw-rw-r-- 1 ryuichi ryuichi 11993 10月 11 09:10 ./external/bson-cxx/inc/bson/builder.h
-rw-rw-r-- 1 ryuichi ryuichi 19620 10月 11 09:10 ./external/bson-cxx/inc/bson/bsonobjbuilder.h
-rw-rw-r-- 1 ryuichi ryuichi 5851 10月 11 09:10 ./external/bson-cxx/inc/bson/string_data.h
-rw-rw-r-- 1 ryuichi ryuichi 5150 10月 11 09:10 ./external/bson-cxx/inc/bson/bsonobjiterator.h
-rw-rw-r-- 1 ryuichi ryuichi 1374 10月 11 09:10 ./external/bson-cxx/inc/bson/endian.h
-rw-rw-r-- 1 ryuichi ryuichi 678680 10月 11 09:10 ./external/bson-cxx/qnx/libbson-cxx.a
-rw-rw-r-- 1 ryuichi ryuichi 665 10月 11 09:10 ./external/bson-cxx/SConstruct
-rw-rw-r-- 1 ryuichi ryuichi 11358 10月 11 09:10 ./external/bson-cxx/LICENSE
-rw-rw-r-- 1 ryuichi ryuichi 2451 10月 11 09:10 ./external/bson-cxx/README.md
-rw-rw-r-- 1 ryuichi ryuichi 570496 10月 11 09:10 ./external/bson-cxx/linux_x64/libbson-cxx.ubuntu16.04.a
-rw-rw-r-- 1 ryuichi ryuichi 4053 10月 11 09:10 ./external/hjson-cpp/inc/hjson.h
-rw-rw-r-- 1 ryuichi ryuichi 1040672 10月 11 09:10 ./external/hjson-cpp/qnx/libhjson.a
-rw-rw-r-- 1 ryuichi ryuichi 1094 10月 11 09:10 ./external/hjson-cpp/LICENSE
-rw-rw-r-- 1 ryuichi ryuichi 7508 10月 11 09:10 ./external/hjson-cpp/README.md
-rw-rw-r-- 1 ryuichi ryuichi 2226008 10月 11 09:10 ./external/hjson-cpp/linux_x64/libhjson.ubuntu16.04.a
-rw-rw-r-- 1 ryuichi ryuichi 2015644 10月 11 09:10 ./external/hjson-cpp/linux_x64/libhjson.ubuntu14.04.a
-rw-rw-r-- 1 ryuichi ryuichi 3108 10月 11 09:10 ./external/psl/inc/PC/psl_hpt.h
-rw-rw-r-- 1 ryuichi ryuichi 1528 10月 11 09:10 ./external/psl/inc/PC/psl_common.h
-rw-rw-r-- 1 ryuichi ryuichi 3113 10月 11 09:10 ./external/psl/inc/QNX/psl_hpt.h
-rw-rw-r-- 1 ryuichi ryuichi 5101 10月 11 09:10 ./external/psl/inc/QNX/psl_process_thread.h
-rw-rw-r-- 1 ryuichi ryuichi 775 10月 11 09:10 ./external/psl/inc/QNX/psl_dump.h
-rw-rw-r-- 1 ryuichi ryuichi 2258 10月 11 09:10 ./external/psl/inc/QNX/psl_sysres.h
-rw-rw-r-- 1 ryuichi ryuichi 810 10月 11 09:10 ./external/psl/inc/QNX/psl_kernellog.h
-rw-rw-r-- 1 ryuichi ryuichi 4856 10月 11 09:10 ./external/psl/qnx/libnvtime.a
-rw-rw-r-- 1 ryuichi ryuichi 14084 10月 11 09:10 ./external/psl/qnx/libpsl_klog.a
-rw-rw-r-- 1 ryuichi ryuichi 24830 10月 11 09:10 ./external/psl/qnx/libpsl_dump.a
-rw-rw-r-- 1 ryuichi ryuichi 33786 10月 11 09:10 ./external/psl/qnx/libpsl_process_thread.a
-rw-rw-r-- 1 ryuichi ryuichi 51350 10月 11 09:10 ./external/psl/qnx/libpsl_hpt.a
-rwxrwxr-x 1 ryuichi ryuichi 67784 10月 11 09:10 ./external/psl/qnx/psl_hpt_rm
-rw-rw-r-- 1 ryuichi ryuichi 9664 10月 11 09:10 ./external/psl/qnx/libpsl_sysres.a
-rw-rw-r-- 1 ryuichi ryuichi 27998 10月 11 09:10 ./external/psl/linux_x64/libpsl_hpt.a
-rw-rw-r-- 1 ryuichi ryuichi 64488 10月 11 09:10 ./external/psl/linux_x64/psl_hpt_rm
-rw-rw-r-- 1 ryuichi ryuichi 85892 10月 11 09:10 ./external/zstd/inc/zstd.h
-rw-rw-r-- 1 ryuichi ryuichi 3223 10月 11 09:10 ./external/zstd/inc/zstd_errors.h
-rw-rw-r-- 1 ryuichi ryuichi 11474 10月 11 09:10 ./external/zstd/inc/zbuff.h
-rw-rw-r-- 1 ryuichi ryuichi 11175 10月 11 09:10 ./external/zstd/inc/zdict.h
-rw-rw-r-- 1 ryuichi ryuichi 630092 10月 11 09:10 ./external/zstd/qnx/libzstd.a
-rw-rw-r-- 1 ryuichi ryuichi 1530 10月 11 09:10 ./external/zstd/LICENSE
-rw-rw-r-- 1 ryuichi ryuichi 7540 10月 11 09:10 ./external/zstd/README.md
-rw-rw-r-- 1 ryuichi ryuichi 648920 10月 11 09:10 ./external/zstd/linux_x64/libzstd.ubuntu16.04.a
-rw-rw-r-- 1 ryuichi ryuichi 0 10月 11 09:10 ./external/.gitkeep
-rw-rw-r-- 1 ryuichi ryuichi 9754 10月 11 09:10 ./external/linuxcan/README
-rw-rw-r-- 1 ryuichi ryuichi 10082 10月 11 09:10 ./external/linuxcan/canlib/VCanScriptFunctions.c
-rw-rw-r-- 1 ryuichi ryuichi 3267 10月 11 09:10 ./external/linuxcan/canlib/README
-rw-rw-r-- 1 ryuichi ryuichi 4907 10月 11 09:10 ./external/linuxcan/canlib/dlc.c
-rw-rw-r-- 1 ryuichi ryuichi 9901 10月 11 09:10 ./external/linuxcan/canlib/canlib_data.h
-rw-rw-r-- 1 ryuichi ryuichi 3591 10月 11 09:10 ./external/linuxcan/canlib/VCanFunctions.h
-rw-rw-r-- 1 ryuichi ryuichi 83991 10月 11 09:10 ./external/linuxcan/canlib/canlib.c
-rw-rw-r-- 1 ryuichi ryuichi 3826 10月 11 09:10 ./external/linuxcan/canlib/VCanScriptFunctions.h
-rw-rw-r-- 1 ryuichi ryuichi 6239 10月 11 09:10 ./external/linuxcan/canlib/examples/simplewrite.c
-rw-rw-r-- 1 ryuichi ryuichi 5118 10月 11 09:10 ./external/linuxcan/canlib/examples/readTimerTest.c
-rw-rw-r-- 1 ryuichi ryuichi 6999 10月 11 09:10 ./external/linuxcan/canlib/examples/canfdmonitor.c
-rw-rw-r-- 1 ryuichi ryuichi 6459 10月 11 09:10 ./external/linuxcan/canlib/examples/cancount.c
-rw-rw-r-- 1 ryuichi ryuichi 8066 10月 11 09:10 ./external/linuxcan/canlib/examples/busstat.c
-rw-rw-r-- 1 ryuichi ryuichi 5676 10月 11 09:10 ./external/linuxcan/canlib/examples/canfdwrite.c
-rw-rw-r-- 1 ryuichi ryuichi 7094 10月 11 09:10 ./external/linuxcan/canlib/examples/canmonitor.c
-rw-rw-r-- 1 ryuichi ryuichi 4824 10月 11 09:10 ./external/linuxcan/canlib/examples/Makefile
-rw-rw-r-- 1 ryuichi ryuichi 4628 10月 11 09:10 ./external/linuxcan/canlib/examples/lazarus/README
-rw-rw-r-- 1 ryuichi ryuichi 42343 10月 11 09:10 ./external/linuxcan/canlib/examples/lazarus/canlib.pas
-rw-rw-r-- 1 ryuichi ryuichi 3592 10月 11 09:10 ./external/linuxcan/canlib/examples/lazarus/kvtest1/README
-rw-rw-r-- 1 ryuichi ryuichi 13850 10月 11 09:10 ./external/linuxcan/canlib/examples/lazarus/kvtest1/kvtest1formunit.pas
-rw-rw-r-- 1 ryuichi ryuichi 65362 10月 11 09:10 ./external/linuxcan/canlib/examples/lazarus/kvtest1/kvtest1formunit.lfm
-rw-rw-r-- 1 ryuichi ryuichi 2120 10月 11 09:10 ./external/linuxcan/canlib/examples/lazarus/kvtest1/kvtest1project.lpi
-rw-rw-r-- 1 ryuichi ryuichi 395 10月 11 09:10 ./external/linuxcan/canlib/examples/lazarus/kvtest1/kvtest1project.lpr
-rw-rw-r-- 1 ryuichi ryuichi 25632 10月 11 09:10 ./external/linuxcan/canlib/examples/lazarus/kvtest1/kvtest1project.res
-rw-rw-r-- 1 ryuichi ryuichi 24102 10月 11 09:10 ./external/linuxcan/canlib/examples/lazarus/kvtest1/kvtest1project.ico
-rw-rw-r-- 1 ryuichi ryuichi 3869 10月 11 09:10 ./external/linuxcan/canlib/examples/lazarus/kvtest1/Makefile
-rw-rw-r-- 1 ryuichi ryuichi 6251 10月 11 09:10 ./external/linuxcan/canlib/examples/timedomains.c
-rw-rw-r-- 1 ryuichi ryuichi 6070 10月 11 09:10 ./external/linuxcan/canlib/examples/writeloop.c
-rw-rw-r-- 1 ryuichi ryuichi 4593 10月 11 09:10 ./external/linuxcan/canlib/examples/busparms.c
-rw-rw-r-- 1 ryuichi ryuichi 6225 10月 11 09:10 ./external/linuxcan/canlib/examples/listChannels.c
-rw-rw-r-- 1 ryuichi ryuichi 6119 10月 11 09:10 ./external/linuxcan/canlib/Makefile
-rw-rw-r-- 1 ryuichi ryuichi 3888 10月 11 09:10 ./external/linuxcan/canlib/linkedlist.h
-rw-rw-r-- 1 ryuichi ryuichi 5368 10月 11 09:10 ./external/linuxcan/canlib/linkedlist.c
-rw-rw-r-- 1 ryuichi ryuichi 3535 10月 11 09:10 ./external/linuxcan/canlib/VCanFuncUtil.h
-rw-rw-r-- 1 ryuichi ryuichi 3981 10月 11 09:10 ./external/linuxcan/canlib/VCanMemoFunctions.h
-rw-rw-r-- 1 ryuichi ryuichi 14322 10月 11 09:10 ./external/linuxcan/canlib/VCanMemoFunctions.c
-rw-rw-r-- 1 ryuichi ryuichi 4170 10月 11 09:10 ./external/linuxcan/canlib/VCanFuncUtil.c
-rw-rw-r-- 1 ryuichi ryuichi 62977 10月 11 09:10 ./external/linuxcan/canlib/VCanFunctions.c
-rw-rw-r-- 1 ryuichi ryuichi 53 10月 11 09:10 ./external/linuxcan/canlib/version.mk
-rw-rw-r-- 1 ryuichi ryuichi 9545 10月 11 09:10 ./external/linuxcan/doc/faq
-rw-rw-r-- 1 ryuichi ryuichi 9111 10月 11 09:10 ./external/linuxcan/doc/HTMLhelp/group__kvm__disk__operations.html
-rw-rw-r-- 1 ryuichi ryuichi 12860 10月 11 09:10 ./external/linuxcan/doc/HTMLhelp/functions_vars.html
-rw-rw-r-- 1 ryuichi ryuichi 7126 10月 11 09:10 ./external/linuxcan/doc/HTMLhelp/page_user_guide.js
-rw-rw-r-- 1 ryuichi ryuichi 1090 10月 11 09:10 ./external/linuxcan/doc/HTMLhelp/structcan_notify_data.js
-rw-rw-r-- 1 ryuichi ryuichi 149 10月 11 09:10 ./external/linuxcan/doc/HTMLhelp/indent_new.png
-rw-rw-r-- 1 ryuichi ryuichi 131036 10月 11 09:10 ./external/linuxcan/doc/HTMLhelp/kva_db_lib_8h.html
-rw-rw-r-- 1 ryuichi ryuichi 603 10月 11 09:10 ./external/linuxcan/doc/HTMLhelp/group__kvm__system__information.js
-rw-rw-r-- 1 ryuichi ryuichi 5213 10月 11 09:10 ./external/linuxcan/doc/HTMLhelp/group__kvadb__attributes.js
-rw-rw-r-- 1 ryuichi ryuichi 859 10月 11 09:10 ./external/linuxcan/doc/HTMLhelp/group__kvaxml__parsing.js
-rw-rw-r-- 1 ryuichi ryuichi 176 10月 11 09:10 ./external/linuxcan/doc/HTMLhelp/tab_s.png
-rw-rw-r-- 1 ryuichi ryuichi 37023 10月 11 09:10 ./external/linuxcan/doc/HTMLhelp/globals_defs_c.html
-rw-rw-r-- 1 ryuichi ryuichi 81 10月 11 09:10 ./external/linuxcan/doc/HTMLhelp/group__can__status__codes.js
-rw-rw-r-- 1 ryuichi ryuichi 501 10月 11 09:10 ./external/linuxcan/doc/HTMLhelp/structkvm_log_trigger_ex.js
-rw-rw-r-- 1 ryuichi ryuichi 366456 10月 11 09:10 ./external/linuxcan/doc/HTMLhelp/canlib_8h.html
-rw-rw-r-- 1 ryuichi ryuichi 24672 10月 11 09:10 ./external/linuxcan/doc/HTMLhelp/canfdmonitor_8c-example.html
-rw-rw-r-- 1 ryuichi ryuichi 7286 10月 11 09:10 ./external/linuxcan/doc/HTMLhelp/canlib__documentation_8txt.html
-rw-rw-r-- 1 ryuichi ryuichi 152 10月 11 09:10 ./external/linuxcan/doc/HTMLhelp/nav_f.png
-rw-rw-r-- 1 ryuichi ryuichi 239 10月 11 09:10 ./external/linuxcan/doc/HTMLhelp/group__grp__linlib.js
-rw-rw-r-- 1 ryuichi ryuichi 6637 10月 11 09:10 ./external/linuxcan/doc/HTMLhelp/group__grp__kvm.html
-rw-rw-r-- 1 ryuichi ryuichi 6016 10月 11 09:10 ./external/linuxcan/doc/HTMLhelp/group__grp__kvadb.html
-rw-rw-r-- 1 ryuichi ryuichi 690 10月 11 09:10 ./external/linuxcan/doc/HTMLhelp/group__kvaxml__validation.js
-rw-rw-r-- 1 ryuichi ryuichi 3725 10月 11 09:10 ./external/linuxcan/doc/HTMLhelp/group__lin__status__codes.js
-rw-rw-r-- 1 ryuichi ryuichi 1900 10月 11 09:10 ./external/linuxcan/doc/HTMLhelp/menu.js
-rw-rw-r-- 1 ryuichi ryuichi 4376 10月 11 09:10 ./external/linuxcan/doc/HTMLhelp/page_porting_code_older.html
-rw-rw-r-- 1 ryuichi ryuichi 14313 10月 11 09:10 ./external/linuxcan/doc/HTMLhelp/navtree.js
-rw-rw-r-- 1 ryuichi ryuichi 255 10月 11 09:10 ./external/linuxcan/doc/HTMLhelp/group__kvaxml__initialization.js
-rw-rw-r-- 1 ryuichi ryuichi 312 10月 11 09:10 ./external/linuxcan/doc/HTMLhelp/splitbar.png
-rw-rw-r-- 1 ryuichi ryuichi 8565 10月 11 09:10 ./external/linuxcan/doc/HTMLhelp/page_user_guide_bus_errors.html
-rw-rw-r-- 1 ryuichi ryuichi 5366 10月 11 09:10 ./external/linuxcan/doc/HTMLhelp/group__grp__kvaxml.html
-rw-rw-r-- 1 ryuichi ryuichi 6035 10月 11 09:10 ./external/linuxcan/doc/HTMLhelp/page_user_guide_install.html
-rw-rw-r-- 1 ryuichi ryuichi 1490 10月 11 09:10 ./external/linuxcan/doc/HTMLhelp/group__can__general.js
-rw-rw-r-- 1 ryuichi ryuichi 17986 10月 11 09:10 ./external/linuxcan/doc/HTMLhelp/group__kvaxml__validation.html
-rw-rw-r-- 1 ryuichi ryuichi 5268 10月 11 09:10 ./external/linuxcan/doc/HTMLhelp/struct_kv_parse_handle.html
-rw-rw-r-- 1 ryuichi ryuichi 880 10月 11 09:10 ./external/linuxcan/doc/HTMLhelp/background_navigation.png
-rw-rw-r-- 1 ryuichi ryuichi 119630 10月 11 09:10 ./external/linuxcan/doc/HTMLhelp/kvmlib_8h_source.html
-rw-rw-r-- 1 ryuichi ryuichi 100 10月 11 09:10 ./external/linuxcan/doc/HTMLhelp/nav_h.png
-rw-rw-r-- 1 ryuichi ryuichi 334 10月 11 09:10 ./external/linuxcan/doc/HTMLhelp/group__grp__kvlc.js
-rw-rw-r-- 1 ryuichi ryuichi 33276 10月 11 09:10 ./external/linuxcan/doc/HTMLhelp/group__kvadb__nodes.html
-rw-rw-r-- 1 ryuichi ryuichi 686 10月 11 09:10 ./external/linuxcan/doc/HTMLhelp/structtag__token.js
-rw-rw-r-- 1 ryuichi ryuichi 13347 10月 11 09:10 ./external/linuxcan/doc/HTMLhelp/struct_lin_message_info.html
-rw-rw-r-- 1 ryuichi ryuichi 867 10月 11 09:10 ./external/linuxcan/doc/HTMLhelp/struct_lin_message_info.js
-rw-rw-r-- 1 ryuichi ryuichi 11930 10月 11 09:10 ./external/linuxcan/doc/HTMLhelp/page_user_guide_init.html
-rw-rw-r-- 1 ryuichi ryuichi 2112 10月 11 09:10 ./external/linuxcan/doc/HTMLhelp/group__t_script.js
-rw-rw-r-- 1 ryuichi ryuichi 8551 10月 11 09:10 ./external/linuxcan/doc/HTMLhelp/group__kvm__rtc.html
-rw-rw-r-- 1 ryuichi ryuichi 3816 10月 11 09:10 ./external/linuxcan/doc/HTMLhelp/doxygen.png
-rw-rw-r-- 1 ryuichi ryuichi 336 10月 11 09:10 ./external/linuxcan/doc/HTMLhelp/group__kvlc__memorator.js
-rw-rw-r-- 1 ryuichi ryuichi 10674 10月 11 09:10 ./external/linuxcan/doc/HTMLhelp/structtag__token.html
-rw-rw-r-- 1 ryuichi ryuichi 9277 10月 11 09:10 ./external/linuxcan/doc/HTMLhelp/tabs.css
-rw-rw-r-- 1 ryuichi ryuichi 251 10月 11 09:10 ./external/linuxcan/doc/HTMLhelp/group__kvm__disk__operations.js
-rw-rw-r-- 1 ryuichi ryuichi 231 10月 11 09:10 ./external/linuxcan/doc/HTMLhelp/group__kvlc__database.js
-rw-rw-r-- 1 ryuichi ryuichi 32224 10月 11 09:10 ./external/linuxcan/doc/HTMLhelp/welcome.jpg
-rw-rw-r-- 1 ryuichi ryuichi 164 10月 11 09:10 ./external/linuxcan/doc/HTMLhelp/tab_b.png
-rw-rw-r-- 1 ryuichi ryuichi 11918 10月 11 09:10 ./external/linuxcan/doc/HTMLhelp/group__kvlc__memorator.html
-rw-rw-r-- 1 ryuichi ryuichi 3453 10月 11 09:10 ./external/linuxcan/doc/HTMLhelp/globals_h.html
-rw-rw-r-- 1 ryuichi ryuichi 4616 10月 11 09:10 ./external/linuxcan/doc/HTMLhelp/globals_t.html
-rw-rw-r-- 1 ryuichi ryuichi 590 10月 11 09:10 ./external/linuxcan/doc/HTMLhelp/folderopen.png
-rw-rw-r-- 1 ryuichi ryuichi 20786 10月 11 09:10 ./external/linuxcan/doc/HTMLhelp/writeloop_8c-example.html
-rw-rw-r-- 1 ryuichi ryuichi 14720 10月 11 09:10 ./external/linuxcan/doc/HTMLhelp/obsolete_8h_source.html
-rw-rw-r-- 1 ryuichi ryuichi 4149 10月 11 09:10 ./external/linuxcan/doc/HTMLhelp/globals_defs_t.html
-rw-rw-r-- 1 ryuichi ryuichi 10207 10月 11 09:10 ./external/linuxcan/doc/HTMLhelp/kvlclib_8h.js
-rw-rw-r-- 1 ryuichi ryuichi 1540 10月 11 09:10 ./external/linuxcan/doc/HTMLhelp/group___l_i_n.js
-rw-rw-r-- 1 ryuichi ryuichi 741 10月 11 09:10 ./external/linuxcan/doc/HTMLhelp/doc.png
-rw-rw-r-- 1 ryuichi ryuichi 18709 10月 11 09:10 ./external/linuxcan/doc/HTMLhelp/navtreeindex3.js
-rw-rw-r-- 1 ryuichi ryuichi 148 10月 11 09:10 ./external/linuxcan/doc/HTMLhelp/bdwn.png
-rw-rw-r-- 1 ryuichi ryuichi 5025 10月 11 09:10 ./external/linuxcan/doc/HTMLhelp/group__grp__linlib.html
-rw-rw-r-- 1 ryuichi ryuichi 4436 10月 11 09:10 ./external/linuxcan/doc/HTMLhelp/page_canlib.html
-rw-rw-r-- 1 ryuichi ryuichi 18130 10月 11 09:10 ./external/linuxcan/doc/HTMLhelp/group__kvlc__output.html
-rw-rw-r-- 1 ryuichi ryuichi 194763 10月 11 09:10 ./external/linuxcan/doc/HTMLhelp/kva_db_lib_8h_source.html
-rw-rw-r-- 1 ryuichi ryuichi 6016 10月 11 09:10 ./external/linuxcan/doc/HTMLhelp/obsolete_8h.html
-rw-rw-r-- 1 ryuichi ryuichi 7324 10月 11 09:10 ./external/linuxcan/doc/HTMLhelp/annotated.html
-rw-rw-r-- 1 ryuichi ryuichi 699 10月 11 09:10 ./external/linuxcan/doc/HTMLhelp/group___time_domain_handling.js
-rw-rw-r-- 1 ryuichi ryuichi 4558 10月 11 09:10 ./external/linuxcan/doc/HTMLhelp/page_kvlclib.html
-rw-rw-r-- 1 ryuichi ryuichi 11059 10月 11 09:10 ./external/linuxcan/doc/HTMLhelp/group__kvm__database.html
-rw-rw-r-- 1 ryuichi ryuichi 2560 10月 11 09:10 ./external/linuxcan/doc/HTMLhelp/Thumbs.db
-rw-rw-r-- 1 ryuichi ryuichi 4924 10月 11 09:10 ./external/linuxcan/doc/HTMLhelp/group__grp__kvlc.html
-rw-rw-r-- 1 ryuichi ryuichi 883 10月 11 09:10 ./external/linuxcan/doc/HTMLhelp/img_downArrow.png
-rw-rw-r-- 1 ryuichi ryuichi 476 10月 11 09:10 ./external/linuxcan/doc/HTMLhelp/files.js
-rw-rw-r-- 1 ryuichi ryuichi 915 10月 11 09:10 ./external/linuxcan/doc/HTMLhelp/group__kvm__data__extraction.js
-rw-rw-r-- 1 ryuichi ryuichi 666 10月 11 09:10 ./external/linuxcan/doc/HTMLhelp/bc_s.png
-rw-rw-r-- 1 ryuichi ryuichi 1873 10月 11 09:10 ./external/linuxcan/doc/HTMLhelp/group__kvlc__converter.js
-rw-rw-r-- 1 ryuichi ryuichi 2702 10月 11 09:10 ./external/linuxcan/doc/HTMLhelp/navtreedata.js
-rw-rw-r-- 1 ryuichi ryuichi 3359 10月 11 09:10 ./external/linuxcan/doc/HTMLhelp/group___c_a_n.js
-rw-rw-r-- 1 ryuichi ryuichi 22344 10月 11 09:10 ./external/linuxcan/doc/HTMLhelp/cancount_8c-example.html
-rw-rw-r-- 1 ryuichi ryuichi 114 10月 11 09:10 ./external/linuxcan/doc/HTMLhelp/obsolete_8h.js
-rw-rw-r-- 1 ryuichi ryuichi 84461 10月 11 09:10 ./external/linuxcan/doc/HTMLhelp/candb_sample_8c-example.html
-rw-rw-r-- 1 ryuichi ryuichi 14352 10月 11 09:10 ./external/linuxcan/doc/HTMLhelp/canstat_8h.js
-rw-rw-r-- 1 ryuichi ryuichi 11965 10月 11 09:10 ./external/linuxcan/doc/HTMLhelp/page_user_guide_misc.html
-rw-rw-r-- 1 ryuichi ryuichi 341 10月 11 09:10 ./external/linuxcan/doc/HTMLhelp/group__kvm__initialization.js
-rw-rw-r-- 1 ryuichi ryuichi 407 10月 11 09:10 ./external/linuxcan/doc/HTMLhelp/group__grp__kvadb.js
-rw-rw-r-- 1 ryuichi ryuichi 5086 10月 11 09:10 ./external/linuxcan/doc/HTMLhelp/page_user_guide_dev_info.html
-rw-rw-r-- 1 ryuichi ryuichi 10741 10月 11 09:10 ./external/linuxcan/doc/HTMLhelp/page_user_guide_intro.html
-rw-rw-r-- 1 ryuichi ryuichi 1220 10月 11 09:10 ./external/linuxcan/doc/HTMLhelp/page_canlib.js
-rw-rw-r-- 1 ryuichi ryuichi 11377 10月 11 09:10 ./external/linuxcan/doc/HTMLhelp/navtreeindex6.js
-rw-rw-r-- 1 ryuichi ryuichi 3360 10月 11 09:10 ./external/linuxcan/doc/HTMLhelp/globals_defs_x.html
-rw-rw-r-- 1 ryuichi ryuichi 4252 10月 11 09:10 ./external/linuxcan/doc/HTMLhelp/group__kvadb__signals.js
-rw-rw-r-- 1 ryuichi ryuichi 377 10月 11 09:10 ./external/linuxcan/doc/HTMLhelp/group__grp__kvaxml.js
-rw-rw-r-- 1 ryuichi ryuichi 35396 10月 11 09:10 ./external/linuxcan/doc/HTMLhelp/group___object_buffers.html
-rw-rw-r-- 1 ryuichi ryuichi 149413 10月 11 09:10 ./external/linuxcan/doc/HTMLhelp/group___c_a_n.html
-rw-rw-r-- 1 ryuichi ryuichi 16840 10月 11 09:10 ./external/linuxcan/doc/HTMLhelp/group__kvm__system__information.html
-rw-rw-r-- 1 ryuichi ryuichi 465 10月 11 09:10 ./external/linuxcan/doc/HTMLhelp/structkv_time_domain_data__s.js
-rw-rw-r-- 1 ryuichi ryuichi 6267 10月 11 09:10 ./external/linuxcan/doc/HTMLhelp/page_user_guide_threads.html
-rw-rw-r-- 1 ryuichi ryuichi 25305 10月 11 09:10 ./external/linuxcan/doc/HTMLhelp/canmonitor_8c-example.html
-rw-rw-r-- 1 ryuichi ryuichi 22508 10月 11 09:10 ./external/linuxcan/doc/HTMLhelp/simplewrite_8c-example.html
-rw-rw-r-- 1 ryuichi ryuichi 9879 10月 11 09:10 ./external/linuxcan/doc/HTMLhelp/globals_func.html
-rw-rw-r-- 1 ryuichi ryuichi 15716 10月 11 09:10 ./external/linuxcan/doc/HTMLhelp/navtreeindex0.js
-rw-rw-r-- 1 ryuichi ryuichi 14975 10月 11 09:10 ./external/linuxcan/doc/HTMLhelp/busparms_8c-example.html
-rw-rw-r-- 1 ryuichi ryuichi 21599 10月 11 09:10 ./external/linuxcan/doc/HTMLhelp/globals_defs_k.html
-rw-rw-r-- 1 ryuichi ryuichi 6148 10月 11 09:10 ./external/linuxcan/doc/HTMLhelp/classes.html
-rw-rw-r-- 1 ryuichi ryuichi 809 10月 11 09:10 ./external/linuxcan/doc/HTMLhelp/group__grp__kvm.js
-rw-rw-r-- 1 ryuichi ryuichi 9401 10月 11 09:10 ./external/linuxcan/doc/HTMLhelp/pages.html
-rw-rw-r-- 1 ryuichi ryuichi 643 10月 11 09:10 ./external/linuxcan/doc/HTMLhelp/structkvm_log_event_ex.js
-rw-rw-r-- 1 ryuichi ryuichi 691 10月 11 09:10 ./external/linuxcan/doc/HTMLhelp/group__kvm__files.js
-rw-rw-r-- 1 ryuichi ryuichi 215368 10月 11 09:10 ./external/linuxcan/doc/HTMLhelp/canlib_8h_source.html
-rw-rw-r-- 1 ryuichi ryuichi 20037 10月 11 09:10 ./external/linuxcan/doc/HTMLhelp/group__kvaxml__conversion.html
-rw-rw-r-- 1 ryuichi ryuichi 49118 10月 11 09:10 ./external/linuxcan/doc/HTMLhelp/linlib_8h.html
-rw-rw-r-- 1 ryuichi ryuichi 50511 10月 11 09:10 ./external/linuxcan/doc/HTMLhelp/globals_c.html
-rw-rw-r-- 1 ryuichi ryuichi 631 10月 11 09:10 ./external/linuxcan/doc/HTMLhelp/examples.js
-rw-rw-r-- 1 ryuichi ryuichi 417 10月 11 09:10 ./external/linuxcan/doc/HTMLhelp/modules.js
-rw-rw-r-- 1 ryuichi ryuichi 259 10月 11 09:10 ./external/linuxcan/doc/HTMLhelp/struct_kva_db_protocol_properties.js
-rw-rw-r-- 1 ryuichi ryuichi 6911 10月 11 09:10 ./external/linuxcan/doc/HTMLhelp/group__grp__canlib.html
-rw-rw-r-- 1 ryuichi ryuichi 3490 10月 11 09:10 ./external/linuxcan/doc/HTMLhelp/globals_x.html
-rw-rw-r-- 1 ryuichi ryuichi 11230 10月 11 09:10 ./external/linuxcan/doc/HTMLhelp/structkvm_log_msg_ex.html
-rw-rw-r-- 1 ryuichi ryuichi 12963 10月 11 09:10 ./external/linuxcan/doc/HTMLhelp/functions.html
-rw-rw-r-- 1 ryuichi ryuichi 111405 10月 11 09:10 ./external/linuxcan/doc/HTMLhelp/kvlclib_8h.html
-rw-rw-r-- 1 ryuichi ryuichi 22652 10月 11 09:10 ./external/linuxcan/doc/HTMLhelp/group__kvm__data__extraction.html
-rw-rw-r-- 1 ryuichi ryuichi 773 10月 11 09:10 ./external/linuxcan/doc/HTMLhelp/structkvm_log_version_ex.js
-rw-rw-r-- 1 ryuichi ryuichi 3870 10月 11 09:10 ./external/linuxcan/doc/HTMLhelp/globals_i.html
-rw-rw-r-- 1 ryuichi ryuichi 4788 10月 11 09:10 ./external/linuxcan/doc/HTMLhelp/group__can__status__codes.html
-rw-rw-r-- 1 ryuichi ryuichi 32538 10月 11 09:10 ./external/linuxcan/doc/HTMLhelp/canlib_8h.js
-rw-rw-r-- 1 ryuichi ryuichi 4562 10月 11 09:10 ./external/linuxcan/doc/HTMLhelp/page_user_guide.html
-rw-rw-r-- 1 ryuichi ryuichi 3605 10月 11 09:10 ./external/linuxcan/doc/HTMLhelp/globals_defs_w.html
-rw-rw-r-- 1 ryuichi ryuichi 6625 10月 11 09:10 ./external/linuxcan/doc/HTMLhelp/structkvm_log_rtc_clock_ex.html
-rw-rw-r-- 1 ryuichi ryuichi 4562 10月 11 09:10 ./external/linuxcan/doc/HTMLhelp/page_user_guide_support.html
-rw-rw-r-- 1 ryuichi ryuichi 2430 10月 11 09:10 ./external/linuxcan/doc/HTMLhelp/group__kvadb__messages.js
-rw-rw-r-- 1 ryuichi ryuichi 4702 10月 11 09:10 ./external/linuxcan/doc/HTMLhelp/page_kvamemolibxml.html
-rw-rw-r-- 1 ryuichi ryuichi 3608 10月 11 09:10 ./external/linuxcan/doc/HTMLhelp/resize.js
-rw-rw-r-- 1 ryuichi ryuichi 3452 10月 11 09:10 ./external/linuxcan/doc/HTMLhelp/globals_d.html
-rw-rw-r-- 1 ryuichi ryuichi 231 10月 11 09:10 ./external/linuxcan/doc/HTMLhelp/structkvm_log_rtc_clock_ex.js
-rw-rw-r-- 1 ryuichi ryuichi 6746 10月 11 09:10 ./external/linuxcan/doc/HTMLhelp/structcan_user_io_port_data.html
-rw-rw-r-- 1 ryuichi ryuichi 13704 10月 11 09:10 ./external/linuxcan/doc/HTMLhelp/modules.html
-rw-rw-r-- 1 ryuichi ryuichi 171 10月 11 09:10 ./external/linuxcan/doc/HTMLhelp/tab_h.png
-rw-rw-r-- 1 ryuichi ryuichi 7466 10月 11 09:10 ./external/linuxcan/doc/HTMLhelp/dir_b077c42d920d220d4fe5af62a68f598c.html
-rw-rw-r-- 1 ryuichi ryuichi 4492 10月 11 09:10 ./external/linuxcan/doc/HTMLhelp/index.html
-rw-rw-r-- 1 ryuichi ryuichi 143330 10月 11 09:10 ./external/linuxcan/doc/HTMLhelp/canstat_8h.html
-rw-rw-r-- 1 ryuichi ryuichi 9219 10月 11 09:10 ./external/linuxcan/doc/HTMLhelp/group__kvm__configuration.html
-rw-rw-r-- 1 ryuichi ryuichi 119 10月 11 09:10 ./external/linuxcan/doc/HTMLhelp/struct_kv_parse_handle.js
-rw-rw-r-- 1 ryuichi ryuichi 77316 10月 11 09:10 ./external/linuxcan/doc/HTMLhelp/globals_k.html
-rw-rw-r-- 1 ryuichi ryuichi 7818 10月 11 09:10 ./external/linuxcan/doc/HTMLhelp/linlib_8h.js
-rw-rw-r-- 1 ryuichi ryuichi 21828 10月 11 09:10 ./external/linuxcan/doc/HTMLhelp/group__kvm__connection.html
-rw-rw-r-- 1 ryuichi ryuichi 117617 10月 11 09:10 ./external/linuxcan/doc/HTMLhelp/group__kvadb__signals.html
-rw-rw-r-- 1 ryuichi ryuichi 644 10月 11 09:10 ./external/linuxcan/doc/HTMLhelp/group__kvaxml__conversion.js
-rw-rw-r-- 1 ryuichi ryuichi 146 10月 11 09:10 ./external/linuxcan/doc/HTMLhelp/tab_a.png
-rw-rw-r-- 1 ryuichi ryuichi 4603 10月 11 09:10 ./external/linuxcan/doc/HTMLhelp/page_core_api_calls.html
-rw-rw-r-- 1 ryuichi ryuichi 59081 10月 11 09:10 ./external/linuxcan/doc/HTMLhelp/group___l_i_n.html
-rw-rw-r-- 1 ryuichi ryuichi 11492 10月 11 09:10 ./external/linuxcan/doc/HTMLhelp/structkvm_log_version_ex.html
-rw-rw-r-- 1 ryuichi ryuichi 23589 10月 11 09:10 ./external/linuxcan/doc/HTMLhelp/group__kvm__files.html
-rw-rw-r-- 1 ryuichi ryuichi 17101 10月 11 09:10 ./external/linuxcan/doc/HTMLhelp/group__lin__general.html
-rw-rw-r-- 1 ryuichi ryuichi 1017 10月 11 09:10 ./external/linuxcan/doc/HTMLhelp/search/classes_0.html
-rw-rw-r-- 1 ryuichi ryuichi 36217 10月 11 09:10 ./external/linuxcan/doc/HTMLhelp/search/functions_1.js
-rw-rw-r-- 1 ryuichi ryuichi 1015 10月 11 09:10 ./external/linuxcan/doc/HTMLhelp/search/pages_3.html
-rw-rw-r-- 1 ryuichi ryuichi 804 10月 11 09:10 ./external/linuxcan/doc/HTMLhelp/search/all_3.js
-rw-rw-r-- 1 ryuichi ryuichi 118 10月 11 09:10 ./external/linuxcan/doc/HTMLhelp/search/pages_1.js
-rw-rw-r-- 1 ryuichi ryuichi 1015 10月 11 09:10 ./external/linuxcan/doc/HTMLhelp/search/pages_8.html
-rw-rw-r-- 1 ryuichi ryuichi 95 10月 11 09:10 ./external/linuxcan/doc/HTMLhelp/search/groups_0.js
-rw-rw-r-- 1 ryuichi ryuichi 1019 10月 11 09:10 ./external/linuxcan/doc/HTMLhelp/search/variables_9.html
-rw-rw-r-- 1 ryuichi ryuichi 20382 10月 11 09:10 ./external/linuxcan/doc/HTMLhelp/search/defines_3.js
-rw-rw-r-- 1 ryuichi ryuichi 563 10月 11 09:10 ./external/linuxcan/doc/HTMLhelp/search/mag_sel.png
-rw-rw-r-- 1 ryuichi ryuichi 19003 10月 11 09:10 ./external/linuxcan/doc/HTMLhelp/search/enumvalues_1.js
-rw-rw-r-- 1 ryuichi ryuichi 1014 10月 11 09:10 ./external/linuxcan/doc/HTMLhelp/search/all_10.html
-rw-rw-r-- 1 ryuichi ryuichi 195 10月 11 09:10 ./external/linuxcan/doc/HTMLhelp/search/groups_9.js
-rw-rw-r-- 1 ryuichi ryuichi 891 10月 11 09:10 ./external/linuxcan/doc/HTMLhelp/search/all_b.js
-rw-rw-r-- 1 ryuichi ryuichi 2620 10月 11 09:10 ./external/linuxcan/doc/HTMLhelp/search/functions_2.js
-rw-rw-r-- 1 ryuichi ryuichi 1019 10月 11 09:10 ./external/linuxcan/doc/HTMLhelp/search/variables_a.html
-rw-rw-r-- 1 ryuichi ryuichi 386 10月 11 09:10 ./external/linuxcan/doc/HTMLhelp/search/typedefs_4.js
-rw-rw-r-- 1 ryuichi ryuichi 1013 10月 11 09:10 ./external/linuxcan/doc/HTMLhelp/search/all_0.html
-rw-rw-r-- 1 ryuichi ryuichi 120 10月 11 09:10 ./external/linuxcan/doc/HTMLhelp/search/pages_9.js
-rw-rw-r-- 1 ryuichi ryuichi 1013 10月 11 09:10 ./external/linuxcan/doc/HTMLhelp/search/all_c.html
-rw-rw-r-- 1 ryuichi ryuichi 1073 10月 11 09:10 ./external/linuxcan/doc/HTMLhelp/search/all_4.js
-rw-rw-r-- 1 ryuichi ryuichi 1017 10月 11 09:10 ./external/linuxcan/doc/HTMLhelp/search/defines_2.html
-rw-rw-r-- 1 ryuichi ryuichi 1013 10月 11 09:10 ./external/linuxcan/doc/HTMLhelp/search/all_6.html
-rw-rw-r-- 1 ryuichi ryuichi 278 10月 11 09:10 ./external/linuxcan/doc/HTMLhelp/search/groups_6.js
-rw-rw-r-- 1 ryuichi ryuichi 1016 10月 11 09:10 ./external/linuxcan/doc/HTMLhelp/search/groups_2.html
-rw-rw-r-- 1 ryuichi ryuichi 360 10月 11 09:10 ./external/linuxcan/doc/HTMLhelp/search/groups_1.js
-rw-rw-r-- 1 ryuichi ryuichi 79749 10月 11 09:10 ./external/linuxcan/doc/HTMLhelp/search/all_9.js
-rw-rw-r-- 1 ryuichi ryuichi 373 10月 11 09:10 ./external/linuxcan/doc/HTMLhelp/search/all_d.js
-rw-rw-r-- 1 ryuichi ryuichi 1018 10月 11 09:10 ./external/linuxcan/doc/HTMLhelp/search/typedefs_6.html
-rw-rw-r-- 1 ryuichi ryuichi 1330 10月 11 09:10 ./external/linuxcan/doc/HTMLhelp/search/all_10.js
-rw-rw-r-- 1 ryuichi ryuichi 1013 10月 11 09:10 ./external/linuxcan/doc/HTMLhelp/search/all_a.html
-rw-rw-r-- 1 ryuichi ryuichi 350 10月 11 09:10 ./external/linuxcan/doc/HTMLhelp/search/groups_d.js
-rw-rw-r-- 1 ryuichi ryuichi 1019 10月 11 09:10 ./external/linuxcan/doc/HTMLhelp/search/variables_1.html
-rw-rw-r-- 1 ryuichi ryuichi 1014 10月 11 09:10 ./external/linuxcan/doc/HTMLhelp/search/all_15.html
-rw-rw-r-- 1 ryuichi ryuichi 1017 10月 11 09:10 ./external/linuxcan/doc/HTMLhelp/search/classes_2.html
-rw-rw-r-- 1 ryuichi ryuichi 1020 10月 11 09:10 ./external/linuxcan/doc/HTMLhelp/search/enumvalues_0.html
-rw-rw-r-- 1 ryuichi ryuichi 1015 10月 11 09:10 ./external/linuxcan/doc/HTMLhelp/search/files_2.html
-rw-rw-r-- 1 ryuichi ryuichi 1015 10月 11 09:10 ./external/linuxcan/doc/HTMLhelp/search/pages_7.html
-rw-rw-r-- 1 ryuichi ryuichi 1017 10月 11 09:10 ./external/linuxcan/doc/HTMLhelp/search/defines_7.html
-rw-rw-r-- 1 ryuichi ryuichi 112 10月 11 09:10 ./external/linuxcan/doc/HTMLhelp/search/typedefs_2.js
-rw-rw-r-- 1 ryuichi ryuichi 175 10月 11 09:10 ./external/linuxcan/doc/HTMLhelp/search/all_15.js
-rw-rw-r-- 1 ryuichi ryuichi 604 10月 11 09:10 ./external/linuxcan/doc/HTMLhelp/search/variables_4.js
-rw-rw-r-- 1 ryuichi ryuichi 1017 10月 11 09:10 ./external/linuxcan/doc/HTMLhelp/search/defines_0.html
-rw-rw-r-- 1 ryuichi ryuichi 612 10月 11 09:10 ./external/linuxcan/doc/HTMLhelp/search/search_r.png
-rw-rw-r-- 1 ryuichi ryuichi 146 10月 11 09:10 ./external/linuxcan/doc/HTMLhelp/search/variables_9.js
-rw-rw-r-- 1 ryuichi ryuichi 1018 10月 11 09:10 ./external/linuxcan/doc/HTMLhelp/search/typedefs_5.html
-rw-rw-r-- 1 ryuichi ryuichi 1013 10月 11 09:10 ./external/linuxcan/doc/HTMLhelp/search/all_9.html
-rw-rw-r-- 1 ryuichi ryuichi 4460 10月 11 09:10 ./external/linuxcan/doc/HTMLhelp/search/search.css
-rw-rw-r-- 1 ryuichi ryuichi 1019 10月 11 09:10 ./external/linuxcan/doc/HTMLhelp/search/functions_2.html
-rw-rw-r-- 1 ryuichi ryuichi 826 10月 11 09:10 ./external/linuxcan/doc/HTMLhelp/search/defines_0.js
-rw-rw-r-- 1 ryuichi ryuichi 126 10月 11 09:10 ./external/linuxcan/doc/HTMLhelp/search/variables_e.js
-rw-rw-r-- 1 ryuichi ryuichi 1013 10月 11 09:10 ./external/linuxcan/doc/HTMLhelp/search/all_8.html
-rw-rw-r-- 1 ryuichi ryuichi 1015 10月 11 09:10 ./external/linuxcan/doc/HTMLhelp/search/pages_c.html
-rw-rw-r-- 1 ryuichi ryuichi 1015 10月 11 09:10 ./external/linuxcan/doc/HTMLhelp/search/enums_0.html
-rw-rw-r-- 1 ryuichi ryuichi 288 10月 11 09:10 ./external/linuxcan/doc/HTMLhelp/search/pages_4.js
-rw-rw-r-- 1 ryuichi ryuichi 120 10月 11 09:10 ./external/linuxcan/doc/HTMLhelp/search/typedefs_6.js
-rw-rw-r-- 1 ryuichi ryuichi 1019 10月 11 09:10 ./external/linuxcan/doc/HTMLhelp/search/variables_b.html
-rw-rw-r-- 1 ryuichi ryuichi 174 10月 11 09:10 ./external/linuxcan/doc/HTMLhelp/search/pages_2.js
-rw-rw-r-- 1 ryuichi ryuichi 84 10月 11 09:10 ./external/linuxcan/doc/HTMLhelp/search/files_3.js
-rw-rw-r-- 1 ryuichi ryuichi 193 10月 11 09:10 ./external/linuxcan/doc/HTMLhelp/search/groups_5.js
-rw-rw-r-- 1 ryuichi ryuichi 137 10月 11 09:10 ./external/linuxcan/doc/HTMLhelp/search/pages_8.js
-rw-rw-r-- 1 ryuichi ryuichi 883 10月 11 09:10 ./external/linuxcan/doc/HTMLhelp/search/variables_c.js
-rw-rw-r-- 1 ryuichi ryuichi 1013 10月 11 09:10 ./external/linuxcan/doc/HTMLhelp/search/all_d.html
-rw-rw-r-- 1 ryuichi ryuichi 606 10月 11 09:10 ./external/linuxcan/doc/HTMLhelp/search/variables_0.js
-rw-rw-r-- 1 ryuichi ryuichi 1017 10月 11 09:10 ./external/linuxcan/doc/HTMLhelp/search/defines_6.html
-rw-rw-r-- 1 ryuichi ryuichi 87 10月 11 09:10 ./external/linuxcan/doc/HTMLhelp/search/classes_3.js
" . -1) ((marker . 34490) . -34547) ((marker . 31879) . -32860) ((marker . 31966) . -32959) ((marker . 31966) . -32959) ((marker . 32134) . -33158) ((marker . 32134) . -33158) ((marker . 32301) . -33358) ((marker . 32301) . -33358) ((marker . 32469) . -33555) ((marker . 32469) . -33555) ((marker . 32629) . -33756) ((marker . 32629) . -33756) ((marker . 32798) . -33950) ((marker . 32798) . -33950) ((marker . 32974) . -34148) ((marker . 32974) . -34148) ((marker . 33133) . -34347) ((marker . 33133) . -34347) ((marker . 33306) . -34547) ((marker . 33306) . -34547) ((marker . 34755) . -32860) ((marker . 34755) . -32860) ((marker . 34490) . -34547) ((marker . 33397) . -34449) ((marker . 33397) . -34449) ((marker . 33565) . -34246) ((marker . 33565) . -34246) ((marker . 33745) . -34047) ((marker . 33745) . -34047) ((marker . 33912) . -33852) ((marker . 33912) . -33852) ((marker . 34073) . -33659) ((marker . 34073) . -33659) ((marker . 34234) . -33455) ((marker . 34234) . -33455) ((marker . 34407) . -33258) ((marker . 34407) . -33258) ((marker . 34579) . -33060) ((marker . 34579) . -33060) ((marker) . -34547) 34548 (t 23492 19506 266381 0)))
